{"C:\\Users\\dikya\\Downloads\\My Project\\G-Calender\\g-calender-api\\backend\\app.js": {"path":"C:\\Users\\dikya\\Downloads\\My Project\\G-Calender\\g-calender-api\\backend\\app.js","statementMap":{"0":{"start":{"line":1,"column":13},"end":{"line":1,"column":28}},"1":{"start":{"line":2,"column":0},"end":{"line":2,"column":26}},"2":{"start":{"line":3,"column":16},"end":{"line":3,"column":34}},"3":{"start":{"line":4,"column":16},"end":{"line":4,"column":43}},"4":{"start":{"line":5,"column":15},"end":{"line":5,"column":34}},"5":{"start":{"line":6,"column":21},"end":{"line":6,"column":59}},"6":{"start":{"line":7,"column":17},"end":{"line":7,"column":36}},"7":{"start":{"line":8,"column":12},"end":{"line":8,"column":21}},"8":{"start":{"line":9,"column":13},"end":{"line":9,"column":37}},"9":{"start":{"line":11,"column":0},"end":{"line":11,"column":9}},"10":{"start":{"line":13,"column":0},"end":{"line":13,"column":15}},"11":{"start":{"line":15,"column":0},"end":{"line":15,"column":46}},"12":{"start":{"line":16,"column":0},"end":{"line":16,"column":23}},"13":{"start":{"line":18,"column":0},"end":{"line":18,"column":15}},"14":{"start":{"line":20,"column":0},"end":{"line":20,"column":21}},"15":{"start":{"line":29,"column":0},"end":{"line":29,"column":20}}},"fnMap":{},"branchMap":{"0":{"loc":{"start":{"line":9,"column":13},"end":{"line":9,"column":37}},"type":"binary-expr","locations":[{"start":{"line":9,"column":13},"end":{"line":9,"column":29}},{"start":{"line":9,"column":33},"end":{"line":9,"column":37}}],"line":9}},"s":{"0":1,"1":1,"2":1,"3":1,"4":1,"5":1,"6":1,"7":1,"8":1,"9":1,"10":1,"11":1,"12":1,"13":1,"14":1,"15":1},"f":{},"b":{"0":[1,1]},"_coverageSchema":"1a1c01bbd47fc00a2c39e90264f33305004495a9","hash":"bb8d88ab2d0b6452f2894e7158fdafeb77125d10"}
,"C:\\Users\\dikya\\Downloads\\My Project\\G-Calender\\g-calender-api\\backend\\config\\mongodb.js": {"path":"C:\\Users\\dikya\\Downloads\\My Project\\G-Calender\\g-calender-api\\backend\\config\\mongodb.js","statementMap":{"0":{"start":{"line":1,"column":17},"end":{"line":1,"column":36}},"1":{"start":{"line":3,"column":12},"end":{"line":3,"column":133}},"2":{"start":{"line":6,"column":2},"end":{"line":11,"column":3}},"3":{"start":{"line":7,"column":4},"end":{"line":7,"column":85}},"4":{"start":{"line":8,"column":4},"end":{"line":8,"column":37}},"5":{"start":{"line":10,"column":4},"end":{"line":10,"column":53}},"6":{"start":{"line":15,"column":0},"end":{"line":15,"column":24}}},"fnMap":{"0":{"name":"connect","decl":{"start":{"line":5,"column":15},"end":{"line":5,"column":22}},"loc":{"start":{"line":5,"column":25},"end":{"line":12,"column":1}},"line":5}},"branchMap":{},"s":{"0":1,"1":1,"2":1,"3":1,"4":1,"5":0,"6":1},"f":{"0":1},"b":{},"_coverageSchema":"1a1c01bbd47fc00a2c39e90264f33305004495a9","hash":"a09a5f6323d38e0a2bc1e9a25ecf87969ea3217a"}
,"C:\\Users\\dikya\\Downloads\\My Project\\G-Calender\\g-calender-api\\backend\\controllers\\events.js": {"path":"C:\\Users\\dikya\\Downloads\\My Project\\G-Calender\\g-calender-api\\backend\\controllers\\events.js","statementMap":{"0":{"start":{"line":1,"column":19},"end":{"line":1,"column":40}},"1":{"start":{"line":2,"column":14},"end":{"line":2,"column":40}},"2":{"start":{"line":3,"column":19},"end":{"line":3,"column":40}},"3":{"start":{"line":4,"column":13},"end":{"line":4,"column":38}},"4":{"start":{"line":6,"column":21},"end":{"line":10,"column":1}},"5":{"start":{"line":11,"column":0},"end":{"line":14,"column":3}},"6":{"start":{"line":43,"column":4},"end":{"line":95,"column":5}},"7":{"start":{"line":44,"column":19},"end":{"line":44,"column":59}},"8":{"start":{"line":46,"column":8},"end":{"line":46,"column":16}},"9":{"start":{"line":47,"column":24},"end":{"line":47,"column":47}},"10":{"start":{"line":48,"column":6},"end":{"line":50,"column":7}},"11":{"start":{"line":49,"column":8},"end":{"line":49,"column":70}},"12":{"start":{"line":51,"column":6},"end":{"line":53,"column":7}},"13":{"start":{"line":52,"column":8},"end":{"line":52,"column":77}},"14":{"start":{"line":54,"column":6},"end":{"line":56,"column":7}},"15":{"start":{"line":55,"column":8},"end":{"line":55,"column":75}},"16":{"start":{"line":57,"column":6},"end":{"line":59,"column":7}},"17":{"start":{"line":58,"column":8},"end":{"line":58,"column":45}},"18":{"start":{"line":60,"column":6},"end":{"line":62,"column":7}},"19":{"start":{"line":61,"column":8},"end":{"line":61,"column":45}},"20":{"start":{"line":63,"column":6},"end":{"line":65,"column":7}},"21":{"start":{"line":64,"column":8},"end":{"line":64,"column":45}},"22":{"start":{"line":66,"column":6},"end":{"line":71,"column":9}},"23":{"start":{"line":72,"column":23},"end":{"line":72,"column":44}},"24":{"start":{"line":73,"column":6},"end":{"line":88,"column":9}},"25":{"start":{"line":92,"column":6},"end":{"line":92,"column":73}},"26":{"start":{"line":94,"column":6},"end":{"line":94,"column":18}},"27":{"start":{"line":99,"column":4},"end":{"line":141,"column":5}},"28":{"start":{"line":100,"column":18},"end":{"line":100,"column":36}},"29":{"start":{"line":101,"column":27},"end":{"line":109,"column":7}},"30":{"start":{"line":102,"column":8},"end":{"line":108,"column":31}},"31":{"start":{"line":111,"column":28},"end":{"line":115,"column":7}},"32":{"start":{"line":112,"column":8},"end":{"line":114,"column":31}},"33":{"start":{"line":117,"column":19},"end":{"line":136,"column":8}},"34":{"start":{"line":118,"column":8},"end":{"line":127,"column":9}},"35":{"start":{"line":122,"column":10},"end":{"line":122,"column":49}},"36":{"start":{"line":123,"column":15},"end":{"line":127,"column":9}},"37":{"start":{"line":124,"column":10},"end":{"line":124,"column":48}},"38":{"start":{"line":125,"column":15},"end":{"line":127,"column":9}},"39":{"start":{"line":126,"column":10},"end":{"line":126,"column":48}},"40":{"start":{"line":128,"column":24},"end":{"line":131,"column":9}},"41":{"start":{"line":132,"column":8},"end":{"line":132,"column":56}},"42":{"start":{"line":133,"column":8},"end":{"line":133,"column":59}},"43":{"start":{"line":134,"column":8},"end":{"line":134,"column":63}},"44":{"start":{"line":135,"column":8},"end":{"line":135,"column":23}},"45":{"start":{"line":138,"column":6},"end":{"line":138,"column":40}},"46":{"start":{"line":140,"column":6},"end":{"line":140,"column":18}},"47":{"start":{"line":145,"column":4},"end":{"line":172,"column":5}},"48":{"start":{"line":146,"column":62},"end":{"line":146,"column":70}},"49":{"start":{"line":147,"column":21},"end":{"line":147,"column":31}},"50":{"start":{"line":148,"column":25},"end":{"line":148,"column":27}},"51":{"start":{"line":149,"column":6},"end":{"line":151,"column":7}},"52":{"start":{"line":150,"column":8},"end":{"line":150,"column":49}},"53":{"start":{"line":152,"column":6},"end":{"line":154,"column":7}},"54":{"start":{"line":153,"column":8},"end":{"line":153,"column":39}},"55":{"start":{"line":155,"column":6},"end":{"line":157,"column":7}},"56":{"start":{"line":156,"column":8},"end":{"line":156,"column":41}},"57":{"start":{"line":158,"column":6},"end":{"line":160,"column":7}},"58":{"start":{"line":159,"column":8},"end":{"line":159,"column":45}},"59":{"start":{"line":161,"column":19},"end":{"line":166,"column":7}},"60":{"start":{"line":167,"column":6},"end":{"line":169,"column":68}},"61":{"start":{"line":171,"column":6},"end":{"line":171,"column":18}},"62":{"start":{"line":176,"column":4},"end":{"line":182,"column":5}},"63":{"start":{"line":177,"column":21},"end":{"line":177,"column":31}},"64":{"start":{"line":178,"column":6},"end":{"line":178,"column":40}},"65":{"start":{"line":179,"column":6},"end":{"line":179,"column":73}},"66":{"start":{"line":181,"column":6},"end":{"line":181,"column":18}},"67":{"start":{"line":186,"column":0},"end":{"line":186,"column":28}}},"fnMap":{"0":{"name":"(anonymous_0)","decl":{"start":{"line":42,"column":2},"end":{"line":42,"column":3}},"loc":{"start":{"line":42,"column":40},"end":{"line":96,"column":3}},"line":42},"1":{"name":"(anonymous_1)","decl":{"start":{"line":98,"column":2},"end":{"line":98,"column":3}},"loc":{"start":{"line":98,"column":38},"end":{"line":142,"column":3}},"line":98},"2":{"name":"(anonymous_2)","decl":{"start":{"line":101,"column":27},"end":{"line":101,"column":28}},"loc":{"start":{"line":101,"column":37},"end":{"line":109,"column":7}},"line":101},"3":{"name":"(anonymous_3)","decl":{"start":{"line":111,"column":28},"end":{"line":111,"column":29}},"loc":{"start":{"line":111,"column":38},"end":{"line":115,"column":7}},"line":111},"4":{"name":"(anonymous_4)","decl":{"start":{"line":117,"column":29},"end":{"line":117,"column":30}},"loc":{"start":{"line":117,"column":42},"end":{"line":136,"column":7}},"line":117},"5":{"name":"(anonymous_5)","decl":{"start":{"line":144,"column":2},"end":{"line":144,"column":3}},"loc":{"start":{"line":144,"column":43},"end":{"line":173,"column":3}},"line":144},"6":{"name":"(anonymous_6)","decl":{"start":{"line":175,"column":2},"end":{"line":175,"column":3}},"loc":{"start":{"line":175,"column":43},"end":{"line":183,"column":3}},"line":175}},"branchMap":{"0":{"loc":{"start":{"line":48,"column":6},"end":{"line":50,"column":7}},"type":"if","locations":[{"start":{"line":48,"column":6},"end":{"line":50,"column":7}},{"start":{},"end":{}}],"line":48},"1":{"loc":{"start":{"line":51,"column":6},"end":{"line":53,"column":7}},"type":"if","locations":[{"start":{"line":51,"column":6},"end":{"line":53,"column":7}},{"start":{},"end":{}}],"line":51},"2":{"loc":{"start":{"line":54,"column":6},"end":{"line":56,"column":7}},"type":"if","locations":[{"start":{"line":54,"column":6},"end":{"line":56,"column":7}},{"start":{},"end":{}}],"line":54},"3":{"loc":{"start":{"line":57,"column":6},"end":{"line":59,"column":7}},"type":"if","locations":[{"start":{"line":57,"column":6},"end":{"line":59,"column":7}},{"start":{},"end":{}}],"line":57},"4":{"loc":{"start":{"line":60,"column":6},"end":{"line":62,"column":7}},"type":"if","locations":[{"start":{"line":60,"column":6},"end":{"line":62,"column":7}},{"start":{},"end":{}}],"line":60},"5":{"loc":{"start":{"line":63,"column":6},"end":{"line":65,"column":7}},"type":"if","locations":[{"start":{"line":63,"column":6},"end":{"line":65,"column":7}},{"start":{},"end":{}}],"line":63},"6":{"loc":{"start":{"line":118,"column":8},"end":{"line":127,"column":9}},"type":"if","locations":[{"start":{"line":118,"column":8},"end":{"line":127,"column":9}},{"start":{"line":123,"column":15},"end":{"line":127,"column":9}}],"line":118},"7":{"loc":{"start":{"line":119,"column":10},"end":{"line":120,"column":42}},"type":"binary-expr","locations":[{"start":{"line":119,"column":10},"end":{"line":119,"column":40}},{"start":{"line":120,"column":10},"end":{"line":120,"column":42}}],"line":119},"8":{"loc":{"start":{"line":123,"column":15},"end":{"line":127,"column":9}},"type":"if","locations":[{"start":{"line":123,"column":15},"end":{"line":127,"column":9}},{"start":{"line":125,"column":15},"end":{"line":127,"column":9}}],"line":123},"9":{"loc":{"start":{"line":125,"column":15},"end":{"line":127,"column":9}},"type":"if","locations":[{"start":{"line":125,"column":15},"end":{"line":127,"column":9}},{"start":{},"end":{}}],"line":125},"10":{"loc":{"start":{"line":149,"column":6},"end":{"line":151,"column":7}},"type":"if","locations":[{"start":{"line":149,"column":6},"end":{"line":151,"column":7}},{"start":{},"end":{}}],"line":149},"11":{"loc":{"start":{"line":152,"column":6},"end":{"line":154,"column":7}},"type":"if","locations":[{"start":{"line":152,"column":6},"end":{"line":154,"column":7}},{"start":{},"end":{}}],"line":152},"12":{"loc":{"start":{"line":155,"column":6},"end":{"line":157,"column":7}},"type":"if","locations":[{"start":{"line":155,"column":6},"end":{"line":157,"column":7}},{"start":{},"end":{}}],"line":155},"13":{"loc":{"start":{"line":158,"column":6},"end":{"line":160,"column":7}},"type":"if","locations":[{"start":{"line":158,"column":6},"end":{"line":160,"column":7}},{"start":{},"end":{}}],"line":158}},"s":{"0":1,"1":1,"2":1,"3":1,"4":1,"5":1,"6":4,"7":4,"8":4,"9":4,"10":4,"11":1,"12":3,"13":1,"14":2,"15":1,"16":1,"17":0,"18":1,"19":0,"20":1,"21":0,"22":1,"23":1,"24":1,"25":1,"26":3,"27":1,"28":1,"29":1,"30":31,"31":1,"32":62,"33":1,"34":31,"35":0,"36":31,"37":3,"38":28,"39":28,"40":31,"41":31,"42":31,"43":31,"44":31,"45":1,"46":0,"47":1,"48":1,"49":1,"50":1,"51":1,"52":1,"53":1,"54":0,"55":1,"56":0,"57":1,"58":0,"59":1,"60":1,"61":0,"62":1,"63":1,"64":1,"65":1,"66":0,"67":1},"f":{"0":4,"1":1,"2":31,"3":62,"4":31,"5":1,"6":1},"b":{"0":[1,3],"1":[1,2],"2":[1,1],"3":[0,1],"4":[0,1],"5":[0,1],"6":[0,31],"7":[31,3],"8":[3,28],"9":[28,0],"10":[1,0],"11":[0,1],"12":[0,1],"13":[0,1]},"_coverageSchema":"1a1c01bbd47fc00a2c39e90264f33305004495a9","hash":"67c85edd38673a958bc749660895953ce857baae"}
,"C:\\Users\\dikya\\Downloads\\My Project\\G-Calender\\g-calender-api\\backend\\controllers\\users.js": {"path":"C:\\Users\\dikya\\Downloads\\My Project\\G-Calender\\g-calender-api\\backend\\controllers\\users.js","statementMap":{"0":{"start":{"line":1,"column":42},"end":{"line":1,"column":72}},"1":{"start":{"line":2,"column":24},"end":{"line":2,"column":49}},"2":{"start":{"line":3,"column":13},"end":{"line":3,"column":38}},"3":{"start":{"line":4,"column":17},"end":{"line":4,"column":38}},"4":{"start":{"line":6,"column":21},"end":{"line":10,"column":1}},"5":{"start":{"line":11,"column":0},"end":{"line":13,"column":2}},"6":{"start":{"line":17,"column":8},"end":{"line":36,"column":9}},"7":{"start":{"line":18,"column":40},"end":{"line":18,"column":48}},"8":{"start":{"line":19,"column":30},"end":{"line":19,"column":57}},"9":{"start":{"line":20,"column":12},"end":{"line":22,"column":13}},"10":{"start":{"line":21,"column":16},"end":{"line":21,"column":77}},"11":{"start":{"line":23,"column":12},"end":{"line":25,"column":13}},"12":{"start":{"line":24,"column":16},"end":{"line":24,"column":70}},"13":{"start":{"line":26,"column":12},"end":{"line":28,"column":13}},"14":{"start":{"line":27,"column":16},"end":{"line":27,"column":73}},"15":{"start":{"line":29,"column":35},"end":{"line":29,"column":57}},"16":{"start":{"line":30,"column":12},"end":{"line":32,"column":14}},"17":{"start":{"line":33,"column":12},"end":{"line":33,"column":73}},"18":{"start":{"line":35,"column":12},"end":{"line":35,"column":23}},"19":{"start":{"line":40,"column":8},"end":{"line":56,"column":9}},"20":{"start":{"line":41,"column":30},"end":{"line":41,"column":38}},"21":{"start":{"line":42,"column":33},"end":{"line":42,"column":60}},"22":{"start":{"line":43,"column":12},"end":{"line":53,"column":13}},"23":{"start":{"line":44,"column":37},"end":{"line":44,"column":83}},"24":{"start":{"line":45,"column":16},"end":{"line":45,"column":59}},"25":{"start":{"line":47,"column":39},"end":{"line":47,"column":60}},"26":{"start":{"line":48,"column":29},"end":{"line":50,"column":18}},"27":{"start":{"line":51,"column":37},"end":{"line":51,"column":75}},"28":{"start":{"line":52,"column":16},"end":{"line":52,"column":59}},"29":{"start":{"line":55,"column":12},"end":{"line":55,"column":23}},"30":{"start":{"line":60,"column":8},"end":{"line":80,"column":9}},"31":{"start":{"line":61,"column":38},"end":{"line":61,"column":46}},"32":{"start":{"line":62,"column":12},"end":{"line":64,"column":13}},"33":{"start":{"line":63,"column":16},"end":{"line":63,"column":70}},"34":{"start":{"line":65,"column":12},"end":{"line":67,"column":13}},"35":{"start":{"line":66,"column":16},"end":{"line":66,"column":73}},"36":{"start":{"line":68,"column":25},"end":{"line":68,"column":52}},"37":{"start":{"line":69,"column":12},"end":{"line":71,"column":13}},"38":{"start":{"line":70,"column":16},"end":{"line":70,"column":95}},"39":{"start":{"line":72,"column":28},"end":{"line":72,"column":68}},"40":{"start":{"line":73,"column":12},"end":{"line":75,"column":13}},"41":{"start":{"line":74,"column":16},"end":{"line":74,"column":95}},"42":{"start":{"line":76,"column":33},"end":{"line":76,"column":71}},"43":{"start":{"line":77,"column":12},"end":{"line":77,"column":55}},"44":{"start":{"line":79,"column":12},"end":{"line":79,"column":23}},"45":{"start":{"line":84,"column":0},"end":{"line":84,"column":24}}},"fnMap":{"0":{"name":"(anonymous_0)","decl":{"start":{"line":16,"column":4},"end":{"line":16,"column":5}},"loc":{"start":{"line":16,"column":42},"end":{"line":37,"column":5}},"line":16},"1":{"name":"(anonymous_1)","decl":{"start":{"line":39,"column":4},"end":{"line":39,"column":5}},"loc":{"start":{"line":39,"column":45},"end":{"line":57,"column":5}},"line":39},"2":{"name":"(anonymous_2)","decl":{"start":{"line":59,"column":4},"end":{"line":59,"column":5}},"loc":{"start":{"line":59,"column":39},"end":{"line":81,"column":5}},"line":59}},"branchMap":{"0":{"loc":{"start":{"line":20,"column":12},"end":{"line":22,"column":13}},"type":"if","locations":[{"start":{"line":20,"column":12},"end":{"line":22,"column":13}},{"start":{},"end":{}}],"line":20},"1":{"loc":{"start":{"line":23,"column":12},"end":{"line":25,"column":13}},"type":"if","locations":[{"start":{"line":23,"column":12},"end":{"line":25,"column":13}},{"start":{},"end":{}}],"line":23},"2":{"loc":{"start":{"line":26,"column":12},"end":{"line":28,"column":13}},"type":"if","locations":[{"start":{"line":26,"column":12},"end":{"line":28,"column":13}},{"start":{},"end":{}}],"line":26},"3":{"loc":{"start":{"line":43,"column":12},"end":{"line":53,"column":13}},"type":"if","locations":[{"start":{"line":43,"column":12},"end":{"line":53,"column":13}},{"start":{"line":46,"column":19},"end":{"line":53,"column":13}}],"line":43},"4":{"loc":{"start":{"line":62,"column":12},"end":{"line":64,"column":13}},"type":"if","locations":[{"start":{"line":62,"column":12},"end":{"line":64,"column":13}},{"start":{},"end":{}}],"line":62},"5":{"loc":{"start":{"line":65,"column":12},"end":{"line":67,"column":13}},"type":"if","locations":[{"start":{"line":65,"column":12},"end":{"line":67,"column":13}},{"start":{},"end":{}}],"line":65},"6":{"loc":{"start":{"line":69,"column":12},"end":{"line":71,"column":13}},"type":"if","locations":[{"start":{"line":69,"column":12},"end":{"line":71,"column":13}},{"start":{},"end":{}}],"line":69},"7":{"loc":{"start":{"line":73,"column":12},"end":{"line":75,"column":13}},"type":"if","locations":[{"start":{"line":73,"column":12},"end":{"line":75,"column":13}},{"start":{},"end":{}}],"line":73}},"s":{"0":1,"1":1,"2":1,"3":1,"4":1,"5":1,"6":4,"7":4,"8":4,"9":4,"10":1,"11":3,"12":1,"13":2,"14":1,"15":1,"16":1,"17":1,"18":3,"19":2,"20":2,"21":2,"22":2,"23":1,"24":1,"25":1,"26":1,"27":1,"28":1,"29":0,"30":5,"31":5,"32":5,"33":1,"34":4,"35":1,"36":3,"37":3,"38":1,"39":2,"40":2,"41":1,"42":1,"43":1,"44":4,"45":1},"f":{"0":4,"1":2,"2":5},"b":{"0":[1,3],"1":[1,2],"2":[1,1],"3":[1,1],"4":[1,4],"5":[1,3],"6":[1,2],"7":[1,1]},"_coverageSchema":"1a1c01bbd47fc00a2c39e90264f33305004495a9","hash":"a2cdb125c64c9cae9385cc0e6eab6894f8452a75"}
,"C:\\Users\\dikya\\Downloads\\My Project\\G-Calender\\g-calender-api\\backend\\helpers\\bcryptjs.js": {"path":"C:\\Users\\dikya\\Downloads\\My Project\\G-Calender\\g-calender-api\\backend\\helpers\\bcryptjs.js","statementMap":{"0":{"start":{"line":1,"column":15},"end":{"line":1,"column":34}},"1":{"start":{"line":3,"column":21},"end":{"line":7,"column":1}},"2":{"start":{"line":4,"column":15},"end":{"line":4,"column":37}},"3":{"start":{"line":5,"column":15},"end":{"line":5,"column":46}},"4":{"start":{"line":6,"column":4},"end":{"line":6,"column":26}},"5":{"start":{"line":9,"column":24},"end":{"line":12,"column":1}},"6":{"start":{"line":10,"column":26},"end":{"line":10,"column":69}},"7":{"start":{"line":11,"column":4},"end":{"line":11,"column":26}},"8":{"start":{"line":14,"column":0},"end":{"line":14,"column":48}}},"fnMap":{"0":{"name":"(anonymous_0)","decl":{"start":{"line":3,"column":21},"end":{"line":3,"column":22}},"loc":{"start":{"line":3,"column":35},"end":{"line":7,"column":1}},"line":3},"1":{"name":"(anonymous_1)","decl":{"start":{"line":9,"column":24},"end":{"line":9,"column":25}},"loc":{"start":{"line":9,"column":53},"end":{"line":12,"column":1}},"line":9}},"branchMap":{},"s":{"0":1,"1":1,"2":2,"3":2,"4":2,"5":1,"6":2,"7":2,"8":1},"f":{"0":2,"1":2},"b":{},"_coverageSchema":"1a1c01bbd47fc00a2c39e90264f33305004495a9","hash":"3828ad3958671dd71169d41b32396445e78d3e47"}
,"C:\\Users\\dikya\\Downloads\\My Project\\G-Calender\\g-calender-api\\backend\\helpers\\jwt.js": {"path":"C:\\Users\\dikya\\Downloads\\My Project\\G-Calender\\g-calender-api\\backend\\helpers\\jwt.js","statementMap":{"0":{"start":{"line":1,"column":12},"end":{"line":1,"column":35}},"1":{"start":{"line":2,"column":26},"end":{"line":2,"column":48}},"2":{"start":{"line":4,"column":20},"end":{"line":6,"column":1}},"3":{"start":{"line":5,"column":4},"end":{"line":5,"column":47}},"4":{"start":{"line":8,"column":20},"end":{"line":10,"column":1}},"5":{"start":{"line":9,"column":4},"end":{"line":9,"column":47}},"6":{"start":{"line":12,"column":0},"end":{"line":12,"column":43}}},"fnMap":{"0":{"name":"(anonymous_0)","decl":{"start":{"line":4,"column":20},"end":{"line":4,"column":21}},"loc":{"start":{"line":4,"column":33},"end":{"line":6,"column":1}},"line":4},"1":{"name":"(anonymous_1)","decl":{"start":{"line":8,"column":20},"end":{"line":8,"column":21}},"loc":{"start":{"line":8,"column":31},"end":{"line":10,"column":1}},"line":8}},"branchMap":{},"s":{"0":1,"1":1,"2":1,"3":3,"4":1,"5":8,"6":1},"f":{"0":3,"1":8},"b":{},"_coverageSchema":"1a1c01bbd47fc00a2c39e90264f33305004495a9","hash":"2e90122e370297ae2e3aa8e3a1e4f298acb1cf36"}
,"C:\\Users\\dikya\\Downloads\\My Project\\G-Calender\\g-calender-api\\backend\\middlewares\\authentication.js": {"path":"C:\\Users\\dikya\\Downloads\\My Project\\G-Calender\\g-calender-api\\backend\\middlewares\\authentication.js","statementMap":{"0":{"start":{"line":1,"column":24},"end":{"line":1,"column":49}},"1":{"start":{"line":2,"column":13},"end":{"line":2,"column":38}},"2":{"start":{"line":4,"column":23},"end":{"line":16,"column":1}},"3":{"start":{"line":5,"column":27},"end":{"line":5,"column":38}},"4":{"start":{"line":6,"column":4},"end":{"line":15,"column":5}},"5":{"start":{"line":7,"column":8},"end":{"line":7,"column":85}},"6":{"start":{"line":7,"column":27},"end":{"line":7,"column":85}},"7":{"start":{"line":8,"column":24},"end":{"line":8,"column":49}},"8":{"start":{"line":9,"column":21},"end":{"line":9,"column":58}},"9":{"start":{"line":10,"column":8},"end":{"line":10,"column":77}},"10":{"start":{"line":10,"column":19},"end":{"line":10,"column":77}},"11":{"start":{"line":11,"column":8},"end":{"line":11,"column":35}},"12":{"start":{"line":12,"column":8},"end":{"line":12,"column":14}},"13":{"start":{"line":14,"column":8},"end":{"line":14,"column":19}},"14":{"start":{"line":18,"column":0},"end":{"line":18,"column":31}}},"fnMap":{"0":{"name":"(anonymous_0)","decl":{"start":{"line":4,"column":23},"end":{"line":4,"column":24}},"loc":{"start":{"line":4,"column":48},"end":{"line":16,"column":1}},"line":4}},"branchMap":{"0":{"loc":{"start":{"line":7,"column":8},"end":{"line":7,"column":85}},"type":"if","locations":[{"start":{"line":7,"column":8},"end":{"line":7,"column":85}},{"start":{},"end":{}}],"line":7},"1":{"loc":{"start":{"line":10,"column":8},"end":{"line":10,"column":77}},"type":"if","locations":[{"start":{"line":10,"column":8},"end":{"line":10,"column":77}},{"start":{},"end":{}}],"line":10}},"s":{"0":1,"1":1,"2":1,"3":9,"4":9,"5":9,"6":1,"7":8,"8":7,"9":7,"10":0,"11":7,"12":7,"13":2,"14":1},"f":{"0":9},"b":{"0":[1,8],"1":[0,7]},"_coverageSchema":"1a1c01bbd47fc00a2c39e90264f33305004495a9","hash":"1b165d4a1cb4ac95cd1f9b26015fdd85a0c6272b"}
,"C:\\Users\\dikya\\Downloads\\My Project\\G-Calender\\g-calender-api\\backend\\middlewares\\errorHandlers.js": {"path":"C:\\Users\\dikya\\Downloads\\My Project\\G-Calender\\g-calender-api\\backend\\middlewares\\errorHandlers.js","statementMap":{"0":{"start":{"line":1,"column":21},"end":{"line":11,"column":1}},"1":{"start":{"line":2,"column":4},"end":{"line":2,"column":20}},"2":{"start":{"line":3,"column":4},"end":{"line":10,"column":82}},"3":{"start":{"line":4,"column":8},"end":{"line":4,"column":69}},"4":{"start":{"line":6,"column":9},"end":{"line":10,"column":82}},"5":{"start":{"line":6,"column":46},"end":{"line":6,"column":111}},"6":{"start":{"line":7,"column":9},"end":{"line":10,"column":82}},"7":{"start":{"line":7,"column":54},"end":{"line":7,"column":116}},"8":{"start":{"line":8,"column":9},"end":{"line":10,"column":82}},"9":{"start":{"line":8,"column":42},"end":{"line":8,"column":103}},"10":{"start":{"line":9,"column":9},"end":{"line":10,"column":82}},"11":{"start":{"line":9,"column":42},"end":{"line":9,"column":103}},"12":{"start":{"line":10,"column":9},"end":{"line":10,"column":82}},"13":{"start":{"line":13,"column":0},"end":{"line":13,"column":29}}},"fnMap":{"0":{"name":"(anonymous_0)","decl":{"start":{"line":1,"column":21},"end":{"line":1,"column":22}},"loc":{"start":{"line":1,"column":46},"end":{"line":11,"column":1}},"line":1}},"branchMap":{"0":{"loc":{"start":{"line":3,"column":4},"end":{"line":10,"column":82}},"type":"if","locations":[{"start":{"line":3,"column":4},"end":{"line":10,"column":82}},{"start":{"line":6,"column":9},"end":{"line":10,"column":82}}],"line":3},"1":{"loc":{"start":{"line":6,"column":9},"end":{"line":10,"column":82}},"type":"if","locations":[{"start":{"line":6,"column":9},"end":{"line":10,"column":82}},{"start":{"line":7,"column":9},"end":{"line":10,"column":82}}],"line":6},"2":{"loc":{"start":{"line":7,"column":9},"end":{"line":10,"column":82}},"type":"if","locations":[{"start":{"line":7,"column":9},"end":{"line":10,"column":82}},{"start":{"line":8,"column":9},"end":{"line":10,"column":82}}],"line":7},"3":{"loc":{"start":{"line":8,"column":9},"end":{"line":10,"column":82}},"type":"if","locations":[{"start":{"line":8,"column":9},"end":{"line":10,"column":82}},{"start":{"line":9,"column":9},"end":{"line":10,"column":82}}],"line":8},"4":{"loc":{"start":{"line":9,"column":9},"end":{"line":10,"column":82}},"type":"if","locations":[{"start":{"line":9,"column":9},"end":{"line":10,"column":82}},{"start":{"line":10,"column":9},"end":{"line":10,"column":82}}],"line":9}},"s":{"0":1,"1":12,"2":12,"3":7,"4":5,"5":1,"6":4,"7":2,"8":2,"9":1,"10":1,"11":1,"12":0,"13":1},"f":{"0":12},"b":{"0":[7,5],"1":[1,4],"2":[2,2],"3":[1,1],"4":[1,0]},"_coverageSchema":"1a1c01bbd47fc00a2c39e90264f33305004495a9","hash":"8160f0575c025f89bfe515a1280a5eb78eab4b92"}
,"C:\\Users\\dikya\\Downloads\\My Project\\G-Calender\\g-calender-api\\backend\\routes\\index.js": {"path":"C:\\Users\\dikya\\Downloads\\My Project\\G-Calender\\g-calender-api\\backend\\routes\\index.js","statementMap":{"0":{"start":{"line":1,"column":16},"end":{"line":1,"column":34}},"1":{"start":{"line":2,"column":19},"end":{"line":2,"column":51}},"2":{"start":{"line":3,"column":15},"end":{"line":3,"column":31}},"3":{"start":{"line":4,"column":18},"end":{"line":4,"column":49}},"4":{"start":{"line":5,"column":23},"end":{"line":5,"column":63}},"5":{"start":{"line":7,"column":0},"end":{"line":7,"column":40}},"6":{"start":{"line":8,"column":0},"end":{"line":8,"column":34}},"7":{"start":{"line":9,"column":0},"end":{"line":9,"column":47}},"8":{"start":{"line":10,"column":0},"end":{"line":10,"column":26}},"9":{"start":{"line":11,"column":0},"end":{"line":11,"column":39}},"10":{"start":{"line":12,"column":0},"end":{"line":12,"column":36}},"11":{"start":{"line":13,"column":0},"end":{"line":13,"column":45}},"12":{"start":{"line":14,"column":0},"end":{"line":14,"column":48}},"13":{"start":{"line":17,"column":0},"end":{"line":17,"column":23}}},"fnMap":{},"branchMap":{},"s":{"0":1,"1":1,"2":1,"3":1,"4":1,"5":1,"6":1,"7":1,"8":1,"9":1,"10":1,"11":1,"12":1,"13":1},"f":{},"b":{},"_coverageSchema":"1a1c01bbd47fc00a2c39e90264f33305004495a9","hash":"bd6a545b2e84d0d7c8edd29fceed832047abc246"}
,"C:\\Users\\dikya\\Downloads\\My Project\\G-Calender\\g-calender-api\\backend\\schema\\Event.js": {"path":"C:\\Users\\dikya\\Downloads\\My Project\\G-Calender\\g-calender-api\\backend\\schema\\Event.js","statementMap":{"0":{"start":{"line":1,"column":17},"end":{"line":1,"column":36}},"1":{"start":{"line":2,"column":15},"end":{"line":2,"column":30}},"2":{"start":{"line":4,"column":20},"end":{"line":21,"column":2}},"3":{"start":{"line":23,"column":0},"end":{"line":23,"column":53}}},"fnMap":{},"branchMap":{},"s":{"0":1,"1":1,"2":1,"3":1},"f":{},"b":{},"_coverageSchema":"1a1c01bbd47fc00a2c39e90264f33305004495a9","hash":"021eebc719fb7654ee0190e0d3f6ff7d48a35d18"}
,"C:\\Users\\dikya\\Downloads\\My Project\\G-Calender\\g-calender-api\\backend\\schema\\User.js": {"path":"C:\\Users\\dikya\\Downloads\\My Project\\G-Calender\\g-calender-api\\backend\\schema\\User.js","statementMap":{"0":{"start":{"line":1,"column":17},"end":{"line":1,"column":36}},"1":{"start":{"line":2,"column":15},"end":{"line":2,"column":30}},"2":{"start":{"line":4,"column":19},"end":{"line":13,"column":31}},"3":{"start":{"line":15,"column":0},"end":{"line":15,"column":51}}},"fnMap":{},"branchMap":{},"s":{"0":1,"1":1,"2":1,"3":1},"f":{},"b":{},"_coverageSchema":"1a1c01bbd47fc00a2c39e90264f33305004495a9","hash":"78cd1335bdf60ca2893df2fb3ceec30e7f677e97"}
}
