TN:
SF:app.js
FNF:0
FNH:0
DA:1,1
DA:2,1
DA:3,1
DA:4,1
DA:5,1
DA:6,1
DA:7,1
DA:8,1
DA:9,1
DA:11,1
DA:13,1
DA:15,1
DA:16,1
DA:18,1
DA:20,1
DA:29,1
LF:16
LH:16
BRDA:9,0,0,1
BRDA:9,0,1,1
BRF:2
BRH:2
end_of_record
TN:
SF:config\mongodb.js
FN:5,connect
FNF:1
FNH:1
FNDA:1,connect
DA:1,1
DA:3,1
DA:6,1
DA:7,1
DA:8,1
DA:10,0
DA:15,1
LF:7
LH:6
BRF:0
BRH:0
end_of_record
TN:
SF:controllers\events.js
FN:42,(anonymous_0)
FN:98,(anonymous_1)
FN:101,(anonymous_2)
FN:111,(anonymous_3)
FN:117,(anonymous_4)
FN:144,(anonymous_5)
FN:175,(anonymous_6)
FNF:7
FNH:7
FNDA:4,(anonymous_0)
FNDA:1,(anonymous_1)
FNDA:31,(anonymous_2)
FNDA:62,(anonymous_3)
FNDA:31,(anonymous_4)
FNDA:1,(anonymous_5)
FNDA:1,(anonymous_6)
DA:1,1
DA:2,1
DA:3,1
DA:4,1
DA:6,1
DA:11,1
DA:43,4
DA:44,4
DA:46,4
DA:47,4
DA:48,4
DA:49,1
DA:51,3
DA:52,1
DA:54,2
DA:55,1
DA:57,1
DA:58,0
DA:60,1
DA:61,0
DA:63,1
DA:64,0
DA:66,1
DA:72,1
DA:73,1
DA:92,1
DA:94,3
DA:99,1
DA:100,1
DA:101,1
DA:102,31
DA:111,1
DA:112,62
DA:117,1
DA:118,31
DA:122,0
DA:123,31
DA:124,3
DA:125,28
DA:126,28
DA:128,31
DA:132,31
DA:133,31
DA:134,31
DA:135,31
DA:138,1
DA:140,0
DA:145,1
DA:146,1
DA:147,1
DA:148,1
DA:149,1
DA:150,1
DA:152,1
DA:153,0
DA:155,1
DA:156,0
DA:158,1
DA:159,0
DA:161,1
DA:167,1
DA:171,0
DA:176,1
DA:177,1
DA:178,1
DA:179,1
DA:181,0
DA:186,1
LF:68
LH:58
BRDA:48,0,0,1
BRDA:48,0,1,3
BRDA:51,1,0,1
BRDA:51,1,1,2
BRDA:54,2,0,1
BRDA:54,2,1,1
BRDA:57,3,0,0
BRDA:57,3,1,1
BRDA:60,4,0,0
BRDA:60,4,1,1
BRDA:63,5,0,0
BRDA:63,5,1,1
BRDA:118,6,0,0
BRDA:118,6,1,31
BRDA:119,7,0,31
BRDA:119,7,1,3
BRDA:123,8,0,3
BRDA:123,8,1,28
BRDA:125,9,0,28
BRDA:125,9,1,0
BRDA:149,10,0,1
BRDA:149,10,1,0
BRDA:152,11,0,0
BRDA:152,11,1,1
BRDA:155,12,0,0
BRDA:155,12,1,1
BRDA:158,13,0,0
BRDA:158,13,1,1
BRF:28
BRH:19
end_of_record
TN:
SF:controllers\users.js
FN:16,(anonymous_0)
FN:39,(anonymous_1)
FN:59,(anonymous_2)
FNF:3
FNH:3
FNDA:4,(anonymous_0)
FNDA:2,(anonymous_1)
FNDA:5,(anonymous_2)
DA:1,1
DA:2,1
DA:3,1
DA:4,1
DA:6,1
DA:11,1
DA:17,4
DA:18,4
DA:19,4
DA:20,4
DA:21,1
DA:23,3
DA:24,1
DA:26,2
DA:27,1
DA:29,1
DA:30,1
DA:33,1
DA:35,3
DA:40,2
DA:41,2
DA:42,2
DA:43,2
DA:44,1
DA:45,1
DA:47,1
DA:48,1
DA:51,1
DA:52,1
DA:55,0
DA:60,5
DA:61,5
DA:62,5
DA:63,1
DA:65,4
DA:66,1
DA:68,3
DA:69,3
DA:70,1
DA:72,2
DA:73,2
DA:74,1
DA:76,1
DA:77,1
DA:79,4
DA:84,1
LF:46
LH:45
BRDA:20,0,0,1
BRDA:20,0,1,3
BRDA:23,1,0,1
BRDA:23,1,1,2
BRDA:26,2,0,1
BRDA:26,2,1,1
BRDA:43,3,0,1
BRDA:43,3,1,1
BRDA:62,4,0,1
BRDA:62,4,1,4
BRDA:65,5,0,1
BRDA:65,5,1,3
BRDA:69,6,0,1
BRDA:69,6,1,2
BRDA:73,7,0,1
BRDA:73,7,1,1
BRF:16
BRH:16
end_of_record
TN:
SF:helpers\bcryptjs.js
FN:3,(anonymous_0)
FN:9,(anonymous_1)
FNF:2
FNH:2
FNDA:2,(anonymous_0)
FNDA:2,(anonymous_1)
DA:1,1
DA:3,1
DA:4,2
DA:5,2
DA:6,2
DA:9,1
DA:10,2
DA:11,2
DA:14,1
LF:9
LH:9
BRF:0
BRH:0
end_of_record
TN:
SF:helpers\jwt.js
FN:4,(anonymous_0)
FN:8,(anonymous_1)
FNF:2
FNH:2
FNDA:3,(anonymous_0)
FNDA:8,(anonymous_1)
DA:1,1
DA:2,1
DA:4,1
DA:5,3
DA:8,1
DA:9,8
DA:12,1
LF:7
LH:7
BRF:0
BRH:0
end_of_record
TN:
SF:middlewares\authentication.js
FN:4,(anonymous_0)
FNF:1
FNH:1
FNDA:9,(anonymous_0)
DA:1,1
DA:2,1
DA:4,1
DA:5,9
DA:6,9
DA:7,9
DA:8,8
DA:9,7
DA:10,7
DA:11,7
DA:12,7
DA:14,2
DA:18,1
LF:13
LH:13
BRDA:7,0,0,1
BRDA:7,0,1,8
BRDA:10,1,0,0
BRDA:10,1,1,7
BRF:4
BRH:3
end_of_record
TN:
SF:middlewares\errorHandlers.js
FN:1,(anonymous_0)
FNF:1
FNH:1
FNDA:12,(anonymous_0)
DA:1,1
DA:2,12
DA:3,12
DA:4,7
DA:6,5
DA:7,4
DA:8,2
DA:9,1
DA:10,0
DA:13,1
LF:10
LH:9
BRDA:3,0,0,7
BRDA:3,0,1,5
BRDA:6,1,0,1
BRDA:6,1,1,4
BRDA:7,2,0,2
BRDA:7,2,1,2
BRDA:8,3,0,1
BRDA:8,3,1,1
BRDA:9,4,0,1
BRDA:9,4,1,0
BRF:10
BRH:9
end_of_record
TN:
SF:routes\index.js
FNF:0
FNH:0
DA:1,1
DA:2,1
DA:3,1
DA:4,1
DA:5,1
DA:7,1
DA:8,1
DA:9,1
DA:10,1
DA:11,1
DA:12,1
DA:13,1
DA:14,1
DA:17,1
LF:14
LH:14
BRF:0
BRH:0
end_of_record
TN:
SF:schema\Event.js
FNF:0
FNH:0
DA:1,1
DA:2,1
DA:4,1
DA:23,1
LF:4
LH:4
BRF:0
BRH:0
end_of_record
TN:
SF:schema\User.js
FNF:0
FNH:0
DA:1,1
DA:2,1
DA:4,1
DA:15,1
LF:4
LH:4
BRF:0
BRH:0
end_of_record
